
Circuit 1 cell sky130_fd_pr__nfet_01v8 and Circuit 2 cell sky130_fd_pr__nfet_01v8 are black boxes.
Warning: Equate pins:  cell sky130_fd_pr__nfet_01v8 is a placeholder, treated as a black box.
Warning: Equate pins:  cell sky130_fd_pr__nfet_01v8 is a placeholder, treated as a black box.

Subcircuit pins:
Circuit 1: sky130_fd_pr__nfet_01v8         |Circuit 2: sky130_fd_pr__nfet_01v8         
-------------------------------------------|-------------------------------------------
1                                          |1                                          
2                                          |2                                          
3                                          |3                                          
4                                          |4                                          
---------------------------------------------------------------------------------------
Cell pin lists are equivalent.
Device classes sky130_fd_pr__nfet_01v8 and sky130_fd_pr__nfet_01v8 are equivalent.
Flattening unmatched subcell nfet_2series in circuit nbias_vb124 (0)(20 instances)

Class nbias_vb124 (1):  Merged 43 parallel devices.
Subcircuit summary:
Circuit 1: nbias_vb124                     |Circuit 2: nbias_vb124                     
-------------------------------------------|-------------------------------------------
sky130_fd_pr__nfet_01v8 (84->41)           |sky130_fd_pr__nfet_01v8 (84->41)           
Number of devices: 41                      |Number of devices: 41                      
Number of nets: 25 **Mismatch**            |Number of nets: 24 **Mismatch**            
---------------------------------------------------------------------------------------
NET mismatches: Class fragments follow (with fanout counts):
Circuit 1: nbias_vb124                     |Circuit 2: nbias_vb124                     

---------------------------------------------------------------------------------------
(no matching net)                          |Net: IREF                                  
                                           |  sky130_fd_pr__nfet_01v8/2 = 40           
                                           |  sky130_fd_pr__nfet_01v8/(1|3) = 10       
---------------------------------------------------------------------------------------

---------------------------------------------------------------------------------------
Net: nfet_2series:4[1]/net1                |Net: a_522_n1080#                          
  sky130_fd_pr__nfet_01v8/(1|3) = 2        |  sky130_fd_pr__nfet_01v8/(1|3) = 2        
                                           |                                           
Net: nfet_2series:4[2]/net1                |Net: a_1375_1203#                          
  sky130_fd_pr__nfet_01v8/(1|3) = 2        |  sky130_fd_pr__nfet_01v8/(1|3) = 2        
                                           |                                           
Net: nfet_2series:4[3]/net1                |Net: a_n331_1203#                          
  sky130_fd_pr__nfet_01v8/(1|3) = 2        |  sky130_fd_pr__nfet_01v8/(1|3) = 2        
                                           |                                           
Net: nfet_2series:4[4]/net1                |Net: a_n1184_1203#                         
  sky130_fd_pr__nfet_01v8/(1|3) = 2        |  sky130_fd_pr__nfet_01v8/(1|3) = 2        
                                           |                                           
Net: nfet_2series:4[5]/net1                |Net: a_2228_n1080#                         
  sky130_fd_pr__nfet_01v8/(1|3) = 2        |  sky130_fd_pr__nfet_01v8/(1|3) = 2        
                                           |                                           
Net: nfet_2series:2[1]/net1                |Net: a_n1184_n1080#                        
  sky130_fd_pr__nfet_01v8/(1|3) = 2        |  sky130_fd_pr__nfet_01v8/(1|3) = 2        
                                           |                                           
Net: nfet_2series:2[2]/net1                |Net: a_1375_n1080#                         
  sky130_fd_pr__nfet_01v8/(1|3) = 2        |  sky130_fd_pr__nfet_01v8/(1|3) = 2        
                                           |                                           
Net: nfet_2series:2[3]/net1                |Net: a_n331_n1080#                         
  sky130_fd_pr__nfet_01v8/(1|3) = 2        |  sky130_fd_pr__nfet_01v8/(1|3) = 2        
                                           |                                           
Net: nfet_2series:2[4]/net1                |Net: a_522_1203#                           
  sky130_fd_pr__nfet_01v8/(1|3) = 2        |  sky130_fd_pr__nfet_01v8/(1|3) = 2        
                                           |                                           
Net: nfet_2series:2[5]/net1                |Net: a_2228_1203#                          
  sky130_fd_pr__nfet_01v8/(1|3) = 2        |  sky130_fd_pr__nfet_01v8/(1|3) = 2        
                                           |                                           
Net: nfet_2series:3[1]/net1                |Net: a_n1184_n174#                         
  sky130_fd_pr__nfet_01v8/(1|3) = 2        |  sky130_fd_pr__nfet_01v8/(1|3) = 2        
                                           |                                           
Net: nfet_2series:3[2]/net1                |Net: a_522_n174#                           
  sky130_fd_pr__nfet_01v8/(1|3) = 2        |  sky130_fd_pr__nfet_01v8/(1|3) = 2        
                                           |                                           
Net: nfet_2series:3[3]/net1                |Net: a_n1184_298#                          
  sky130_fd_pr__nfet_01v8/(1|3) = 2        |  sky130_fd_pr__nfet_01v8/(1|3) = 2        
                                           |                                           
Net: nfet_2series:3[4]/net1                |Net: a_1375_n174#                          
  sky130_fd_pr__nfet_01v8/(1|3) = 2        |  sky130_fd_pr__nfet_01v8/(1|3) = 2        
                                           |                                           
Net: nfet_2series:3[5]/net1                |Net: a_522_298#                            
  sky130_fd_pr__nfet_01v8/(1|3) = 2        |  sky130_fd_pr__nfet_01v8/(1|3) = 2        
                                           |                                           
Net: nfet_2series:1[1]/net1                |Net: a_2228_n174#                          
  sky130_fd_pr__nfet_01v8/(1|3) = 2        |  sky130_fd_pr__nfet_01v8/(1|3) = 2        
                                           |                                           
Net: nfet_2series:1[2]/net1                |Net: a_1375_298#                           
  sky130_fd_pr__nfet_01v8/(1|3) = 2        |  sky130_fd_pr__nfet_01v8/(1|3) = 2        
                                           |                                           
Net: nfet_2series:1[3]/net1                |Net: a_n331_n174#                          
  sky130_fd_pr__nfet_01v8/(1|3) = 2        |  sky130_fd_pr__nfet_01v8/(1|3) = 2        
                                           |                                           
Net: nfet_2series:1[4]/net1                |Net: a_n331_298#                           
  sky130_fd_pr__nfet_01v8/(1|3) = 2        |  sky130_fd_pr__nfet_01v8/(1|3) = 2        
                                           |                                           
Net: nfet_2series:1[5]/net1                |Net: a_2228_298#                           
  sky130_fd_pr__nfet_01v8/(1|3) = 2        |  sky130_fd_pr__nfet_01v8/(1|3) = 2        
---------------------------------------------------------------------------------------

---------------------------------------------------------------------------------------
Net: AVSS                                  |Net: AVSS                                  
  sky130_fd_pr__nfet_01v8/4 = 41           |  sky130_fd_pr__nfet_01v8/4 = 41           
  sky130_fd_pr__nfet_01v8/(1|3) = 22       |  sky130_fd_pr__nfet_01v8/(1|3) = 22       
  sky130_fd_pr__nfet_01v8/2 = 1            |  sky130_fd_pr__nfet_01v8/2 = 1            
---------------------------------------------------------------------------------------
DEVICE mismatches: Class fragments follow (with node fanout counts):
Circuit 1: nbias_vb124                     |Circuit 2: nbias_vb124                     

---------------------------------------------------------------------------------------
Instance: nfet_2series:4[1]/sky130_fd_pr__ |Instance: sky130_fd_pr__nfet_01v8:83       
  (1,3) = (64,2)                           |  (1,3) = (5,2)                            
  2 = 25                                   |  2 = 50                                   
  4 = 64                                   |  4 = 64                                   
                                           |                                           
Instance: nfet_2series:4[2]/sky130_fd_pr__ |Instance: sky130_fd_pr__nfet_01v8:69       
  (1,3) = (64,2)                           |  (1,3) = (5,2)                            
  2 = 25                                   |  2 = 50                                   
  4 = 64                                   |  4 = 64                                   
                                           |                                           
Instance: nfet_2series:4[3]/sky130_fd_pr__ |Instance: sky130_fd_pr__nfet_01v8:65       
  (1,3) = (64,2)                           |  (1,3) = (5,2)                            
  2 = 25                                   |  2 = 50                                   
  4 = 64                                   |  4 = 64                                   
                                           |                                           
Instance: nfet_2series:4[4]/sky130_fd_pr__ |Instance: sky130_fd_pr__nfet_01v8:60       
  (1,3) = (64,2)                           |  (1,3) = (5,2)                            
  2 = 25                                   |  2 = 50                                   
  4 = 64                                   |  4 = 64                                   
                                           |                                           
Instance: nfet_2series:4[5]/sky130_fd_pr__ |Instance: sky130_fd_pr__nfet_01v8:59       
  (1,3) = (64,2)                           |  (1,3) = (5,2)                            
  2 = 25                                   |  2 = 50                                   
  4 = 64                                   |  4 = 64                                   
                                           |                                           
Instance: nfet_2series:3[1]/sky130_fd_pr__ |Instance: sky130_fd_pr__nfet_01v8:50       
  (1,3) = (64,2)                           |  (1,3) = (5,2)                            
  2 = 25                                   |  2 = 50                                   
  4 = 64                                   |  4 = 64                                   
                                           |                                           
Instance: nfet_2series:3[2]/sky130_fd_pr__ |Instance: sky130_fd_pr__nfet_01v8:35       
  (1,3) = (64,2)                           |  (1,3) = (5,2)                            
  2 = 25                                   |  2 = 50                                   
  4 = 64                                   |  4 = 64                                   
                                           |                                           
Instance: nfet_2series:3[3]/sky130_fd_pr__ |Instance: sky130_fd_pr__nfet_01v8:29       
  (1,3) = (64,2)                           |  (1,3) = (5,2)                            
  2 = 25                                   |  2 = 50                                   
  4 = 64                                   |  4 = 64                                   
                                           |                                           
Instance: nfet_2series:3[4]/sky130_fd_pr__ |Instance: sky130_fd_pr__nfet_01v8:26       
  (1,3) = (64,2)                           |  (1,3) = (5,2)                            
  2 = 25                                   |  2 = 50                                   
  4 = 64                                   |  4 = 64                                   
                                           |                                           
Instance: nfet_2series:3[5]/sky130_fd_pr__ |Instance: sky130_fd_pr__nfet_01v8:13       
  (1,3) = (64,2)                           |  (1,3) = (5,2)                            
  2 = 25                                   |  2 = 50                                   
  4 = 64                                   |  4 = 64                                   
                                           |                                           
Instance: nfet_2series:2[1]/sky130_fd_pr__ |Instance: sky130_fd_pr__nfet_01v8:81       
  (1,3) = (64,2)                           |  (1,3) = (64,2)                           
  2 = 25                                   |  2 = 50                                   
  4 = 64                                   |  4 = 64                                   
                                           |                                           
Instance: nfet_2series:2[2]/sky130_fd_pr__ |Instance: sky130_fd_pr__nfet_01v8:80       
  (1,3) = (64,2)                           |  (1,3) = (64,2)                           
  2 = 25                                   |  2 = 50                                   
  4 = 64                                   |  4 = 64                                   
                                           |                                           
Instance: nfet_2series:2[3]/sky130_fd_pr__ |Instance: sky130_fd_pr__nfet_01v8:78       
  (1,3) = (64,2)                           |  (1,3) = (64,2)                           
  2 = 25                                   |  2 = 50                                   
  4 = 64                                   |  4 = 64                                   
                                           |                                           
Instance: nfet_2series:2[4]/sky130_fd_pr__ |Instance: sky130_fd_pr__nfet_01v8:57       
  (1,3) = (64,2)                           |  (1,3) = (64,2)                           
  2 = 25                                   |  2 = 50                                   
  4 = 64                                   |  4 = 64                                   
                                           |                                           
Instance: nfet_2series:2[5]/sky130_fd_pr__ |Instance: sky130_fd_pr__nfet_01v8:55       
  (1,3) = (64,2)                           |  (1,3) = (64,2)                           
  2 = 25                                   |  2 = 50                                   
  4 = 64                                   |  4 = 64                                   
                                           |                                           
Instance: nfet_2series:1[1]/sky130_fd_pr__ |Instance: sky130_fd_pr__nfet_01v8:53       
  (1,3) = (64,2)                           |  (1,3) = (64,2)                           
  2 = 25                                   |  2 = 50                                   
  4 = 64                                   |  4 = 64                                   
                                           |                                           
Instance: nfet_2series:1[2]/sky130_fd_pr__ |Instance: sky130_fd_pr__nfet_01v8:52       
  (1,3) = (64,2)                           |  (1,3) = (64,2)                           
  2 = 25                                   |  2 = 50                                   
  4 = 64                                   |  4 = 64                                   
                                           |                                           
Instance: nfet_2series:1[3]/sky130_fd_pr__ |Instance: sky130_fd_pr__nfet_01v8:43       
  (1,3) = (64,2)                           |  (1,3) = (64,2)                           
  2 = 25                                   |  2 = 50                                   
  4 = 64                                   |  4 = 64                                   
                                           |                                           
Instance: nfet_2series:1[4]/sky130_fd_pr__ |Instance: sky130_fd_pr__nfet_01v8:40       
  (1,3) = (64,2)                           |  (1,3) = (64,2)                           
  2 = 25                                   |  2 = 50                                   
  4 = 64                                   |  4 = 64                                   
                                           |                                           
Instance: nfet_2series:1[5]/sky130_fd_pr__ |Instance: sky130_fd_pr__nfet_01v8:39       
  (1,3) = (64,2)                           |  (1,3) = (64,2)                           
  2 = 25                                   |  2 = 50                                   
  4 = 64                                   |  4 = 64                                   
                                           |                                           
Instance: nfet_2series:4[1]/sky130_fd_pr__ |Instance: sky130_fd_pr__nfet_01v8:34       
  (1,3) = (5,2)                            |  (1,3) = (64,2)                           
  2 = 25                                   |  2 = 50                                   
  4 = 64                                   |  4 = 64                                   
                                           |                                           
Instance: nfet_2series:4[2]/sky130_fd_pr__ |Instance: sky130_fd_pr__nfet_01v8:32       
  (1,3) = (5,2)                            |  (1,3) = (64,2)                           
  2 = 25                                   |  2 = 50                                   
  4 = 64                                   |  4 = 64                                   
                                           |                                           
Instance: nfet_2series:4[3]/sky130_fd_pr__ |Instance: sky130_fd_pr__nfet_01v8:31       
  (1,3) = (5,2)                            |  (1,3) = (64,2)                           
  2 = 25                                   |  2 = 50                                   
  4 = 64                                   |  4 = 64                                   
                                           |                                           
Instance: nfet_2series:4[4]/sky130_fd_pr__ |Instance: sky130_fd_pr__nfet_01v8:30       
  (1,3) = (5,2)                            |  (1,3) = (64,2)                           
  2 = 25                                   |  2 = 50                                   
  4 = 64                                   |  4 = 64                                   
                                           |                                           
Instance: nfet_2series:4[5]/sky130_fd_pr__ |Instance: sky130_fd_pr__nfet_01v8:19       
  (1,3) = (5,2)                            |  (1,3) = (64,2)                           
  2 = 25                                   |  2 = 50                                   
  4 = 64                                   |  4 = 64                                   
                                           |                                           
Instance: nfet_2series:2[1]/sky130_fd_pr__ |Instance: sky130_fd_pr__nfet_01v8:14       
  (1,3) = (5,2)                            |  (1,3) = (64,2)                           
  2 = 25                                   |  2 = 50                                   
  4 = 64                                   |  4 = 64                                   
                                           |                                           
Instance: nfet_2series:2[2]/sky130_fd_pr__ |Instance: sky130_fd_pr__nfet_01v8:7        
  (1,3) = (5,2)                            |  (1,3) = (64,2)                           
  2 = 25                                   |  2 = 50                                   
  4 = 64                                   |  4 = 64                                   
                                           |                                           
Instance: nfet_2series:2[3]/sky130_fd_pr__ |Instance: sky130_fd_pr__nfet_01v8:5        
  (1,3) = (5,2)                            |  (1,3) = (64,2)                           
  2 = 25                                   |  2 = 50                                   
  4 = 64                                   |  4 = 64                                   
                                           |                                           
Instance: nfet_2series:2[4]/sky130_fd_pr__ |Instance: sky130_fd_pr__nfet_01v8:3        
  (1,3) = (5,2)                            |  (1,3) = (64,2)                           
  2 = 25                                   |  2 = 50                                   
  4 = 64                                   |  4 = 64                                   
                                           |                                           
Instance: nfet_2series:2[5]/sky130_fd_pr__ |Instance: sky130_fd_pr__nfet_01v8:2        
  (1,3) = (5,2)                            |  (1,3) = (64,2)                           
  2 = 25                                   |  2 = 50                                   
  4 = 64                                   |  4 = 64                                   
                                           |                                           
Instance: nfet_2series:3[1]/sky130_fd_pr__ |Instance: sky130_fd_pr__nfet_01v8:79       
  (1,3) = (25,2)                           |  (1,3) = (50,2)                           
  2 = 25                                   |  2 = 50                                   
  4 = 64                                   |  4 = 64                                   
                                           |                                           
Instance: nfet_2series:3[2]/sky130_fd_pr__ |Instance: sky130_fd_pr__nfet_01v8:71       
  (1,3) = (25,2)                           |  (1,3) = (50,2)                           
  2 = 25                                   |  2 = 50                                   
  4 = 64                                   |  4 = 64                                   
                                           |                                           
Instance: nfet_2series:3[3]/sky130_fd_pr__ |Instance: sky130_fd_pr__nfet_01v8:61       
  (1,3) = (25,2)                           |  (1,3) = (50,2)                           
  2 = 25                                   |  2 = 50                                   
  4 = 64                                   |  4 = 64                                   
                                           |                                           
Instance: nfet_2series:3[4]/sky130_fd_pr__ |Instance: sky130_fd_pr__nfet_01v8:42       
  (1,3) = (25,2)                           |  (1,3) = (50,2)                           
  2 = 25                                   |  2 = 50                                   
  4 = 64                                   |  4 = 64                                   
                                           |                                           
Instance: nfet_2series:3[5]/sky130_fd_pr__ |Instance: sky130_fd_pr__nfet_01v8:24       
  (1,3) = (25,2)                           |  (1,3) = (50,2)                           
  2 = 25                                   |  2 = 50                                   
  4 = 64                                   |  4 = 64                                   
                                           |                                           
Instance: nfet_2series:1[1]/sky130_fd_pr__ |Instance: sky130_fd_pr__nfet_01v8:20       
  (1,3) = (25,2)                           |  (1,3) = (50,2)                           
  2 = 25                                   |  2 = 50                                   
  4 = 64                                   |  4 = 64                                   
                                           |                                           
Instance: nfet_2series:1[2]/sky130_fd_pr__ |Instance: sky130_fd_pr__nfet_01v8:17       
  (1,3) = (25,2)                           |  (1,3) = (50,2)                           
  2 = 25                                   |  2 = 50                                   
  4 = 64                                   |  4 = 64                                   
                                           |                                           
Instance: nfet_2series:1[3]/sky130_fd_pr__ |Instance: sky130_fd_pr__nfet_01v8:9        
  (1,3) = (25,2)                           |  (1,3) = (50,2)                           
  2 = 25                                   |  2 = 50                                   
  4 = 64                                   |  4 = 64                                   
                                           |                                           
Instance: nfet_2series:1[4]/sky130_fd_pr__ |Instance: sky130_fd_pr__nfet_01v8:8        
  (1,3) = (25,2)                           |  (1,3) = (50,2)                           
  2 = 25                                   |  2 = 50                                   
  4 = 64                                   |  4 = 64                                   
                                           |                                           
Instance: nfet_2series:1[5]/sky130_fd_pr__ |Instance: sky130_fd_pr__nfet_01v8:0        
  (1,3) = (25,2)                           |  (1,3) = (50,2)                           
  2 = 25                                   |  2 = 50                                   
  4 = 64                                   |  4 = 64                                   
---------------------------------------------------------------------------------------
Netlists do not match.

Subcircuit pins:
Circuit 1: nbias_vb124                     |Circuit 2: nbias_vb124                     
-------------------------------------------|-------------------------------------------
Cell pin lists are equivalent.
Device classes nbias_vb124 and nbias_vb124 are equivalent.

Final result: Netlists do not match.
